<?xml version="1.0" encoding="UTF-8"?>
<!-- Generated by org.testng.reporters.JUnitReportReporter -->
<testsuite hostname="DESKTOP-084DVI0" name="com.crm.qa.testcases.FlightsSearch" tests="2" failures="0" timestamp="28 Aug 2020 16:36:18 GMT" time="64.678" errors="0">
  <testcase name="TC_01" time="6.955" classname="com.crm.qa.testcases.FlightsSearch"/>
  <testcase name="TC_01" time="57.723" classname="com.crm.qa.testcases.FlightsSearch"/>
</testsuite> <!-- com.crm.qa.testcases.FlightsSearch -->
