<?xml version="1.0" encoding="UTF-8"?>
<!-- Generated by org.testng.reporters.JUnitReportReporter -->
<testsuite hostname="DESKTOP-084DVI0" name="com.crm.qa.testcases.CarsSearch" tests="2" failures="0" timestamp="28 Aug 2020 16:36:18 GMT" time="68.240" errors="0">
  <testcase name="TC_01" time="12.611" classname="com.crm.qa.testcases.CarsSearch"/>
  <testcase name="TC_01" time="55.629" classname="com.crm.qa.testcases.CarsSearch"/>
</testsuite> <!-- com.crm.qa.testcases.CarsSearch -->
