<?xml version="1.0" encoding="UTF-8"?>
<!-- Generated by org.testng.reporters.JUnitReportReporter -->
<testsuite hostname="DESKTOP-084DVI0" name="com.crm.qa.testcases.StaysSearch" tests="1" failures="0" timestamp="28 Aug 2020 18:42:06 GMT" time="18.955" errors="0">
  <testcase name="TC_01" time="18.955" classname="com.crm.qa.testcases.StaysSearch"/>
</testsuite> <!-- com.crm.qa.testcases.StaysSearch -->
